<?xml version="1.0" encoding="UTF-8"?>
<!-- Generated by org.testng.reporters.JUnitReportReporter -->
<testsuite skipped="0" hostname="DESKTOP-1RTIIIL" name="com.tws.twsframework.tests.FirstTest" tests="4" failures="0" timestamp="07 Feb 2021 20:12:56 GMT" time="24.696" errors="0">
  <testcase name="testCase" time="5.695" classname="com.tws.twsframework.tests.FirstTest"/>
  <testcase name="testCase" time="5.899" classname="com.tws.twsframework.tests.FirstTest"/>
  <testcase name="testCase" time="5.895" classname="com.tws.twsframework.tests.FirstTest"/>
  <testcase name="testCase" time="7.207" classname="com.tws.twsframework.tests.FirstTest"/>
</testsuite> <!-- com.tws.twsframework.tests.FirstTest -->
