<?xml version="1.0" encoding="UTF-8"?>
<!-- Generated by org.testng.reporters.JUnitReportReporter -->
<testsuite skipped="0" hostname="DESKTOP-1RTIIIL" name="com.tws.testframework.AppTest" tests="1" failures="0" timestamp="07 Feb 2021 16:37:00 GMT" time="0.005" errors="0">
  <testcase name="shouldAnswerWithTrue" time="0.005" classname="com.tws.testframework.AppTest"/>
</testsuite> <!-- com.tws.testframework.AppTest -->
